This is pdfTeX, Version 3.14159265-2.6-1.40.21 (TeX Live 2020) (preloaded format=pdflatex 2020.4.15)  26 MAR 2022 19:25
entering extended mode
 restricted \write18 enabled.
 file:line:error style messages enabled.
 %&-line parsing enabled.
**PT2_MARIS_MUIZNIEKS_PRAKSE.tex
(./PT2_MARIS_MUIZNIEKS_PRAKSE.tex
LaTeX2e <2020-02-02> patch level 5
L3 programming layer <2020-03-06> (/usr/local/texlive/2020basic/texmf-dist/tex/latex/base/report.cls
Document Class: report 2019/12/20 v1.4l Standard LaTeX document class
(/usr/local/texlive/2020basic/texmf-dist/tex/latex/base/size12.clo
File: size12.clo 2019/12/20 v1.4l Standard LaTeX file (size option)
)
\c@part=\count167
\c@chapter=\count168
\c@section=\count169
\c@subsection=\count170
\c@subsubsection=\count171
\c@paragraph=\count172
\c@subparagraph=\count173
\c@figure=\count174
\c@table=\count175
\abovecaptionskip=\skip47
\belowcaptionskip=\skip48
\bibindent=\dimen134
)

! LaTeX Error: File `newtxtext.sty' not found.

Type X to quit or <RETURN> to proceed,
or enter new name. (Default extension: sty)

Enter file name: 
./PT2_MARIS_MUIZNIEKS_PRAKSE.tex:3: Emergency stop.
<read *> 
         
l.3 \usepackage
               [top=3cm, bottom=3cm, left=3.5cm, right=3cm]{geometry}^^M
*** (cannot \read from terminal in nonstop modes)

 
Here is how much of TeX's memory you used:
 238 strings out of 482056
 2919 string characters out of 5937675
 235851 words of memory out of 5000000
 16009 multiletter control sequences out of 15000+600000
 532636 words of font info for 25 fonts, out of 8000000 for 9000
 319 hyphenation exceptions out of 8191
 24i,0n,21p,176b,36s stack positions out of 5000i,500n,10000p,200000b,80000s
./PT2_MARIS_MUIZNIEKS_PRAKSE.tex:3:  ==> Fatal error occurred, no output PDF file produced!
